2026-03-08T17:23:41.099Z  WARN 1 --- [p1794068152-238] o.e.jetty.ee10.servlet.ServletChannel    : /static/helpers.js

jakarta.servlet.ServletException: Request processing failed: java.util.NoSuchElementException: 4
	at org.springframework.web.servlet.FrameworkServlet.processRequest(FrameworkServlet.java:1022) ~[spring-webmvc-6.2.3.jar!/:6.2.3]
	at org.springframework.web.servlet.FrameworkServlet.doGet(FrameworkServlet.java:903) ~[spring-webmvc-6.2.3.jar!/:6.2.3]
	at jakarta.servlet.http.HttpServlet.service(HttpServlet.java:527) ~[jakarta.servlet-api-6.0.0.jar!/:6.0.0]
	at org.springframework.web.servlet.FrameworkServlet.service(FrameworkServlet.java:885) ~[spring-webmvc-6.2.3.jar!/:6.2.3]
	at jakarta.servlet.http.HttpServlet.service(HttpServlet.java:614) ~[jakarta.servlet-api-6.0.0.jar!/:6.0.0]
	at org.eclipse.jetty.ee10.servlet.ServletHolder.handle(ServletHolder.java:736) ~[jetty-ee10-servlet-12.0.16.jar!/:12.0.16]
	at org.eclipse.jetty.ee10.servlet.ServletHandler$ChainEnd.doFilter(ServletHandler.java:1619) ~[jetty-ee10-servlet-12.0.16.jar!/:12.0.16]
	at org.eclipse.jetty.ee10.websocket.servlet.WebSocketUpgradeFilter.doFilter(WebSocketUpgradeFilter.java:195) ~[jetty-ee10-websocket-servlet-12.0.16.jar!/:12.0.16]
	at org.eclipse.jetty.ee10.servlet.FilterHolder.doFilter(FilterHolder.java:205) ~[jetty-ee10-servlet-12.0.16.jar!/:12.0.16]
	at org.eclipse.jetty.ee10.servlet.ServletHandler$Chain.doFilter(ServletHandler.java:1591) ~[jetty-ee10-servlet-12.0.16.jar!/:12.0.16]
	at com.httparena.ServerHeaderFilter.doFilter(ServerHeaderFilter.java:15) ~[!/:1.0.0]
	at org.eclipse.jetty.ee10.servlet.FilterHolder.doFilter(FilterHolder.java:205) ~[jetty-ee10-servlet-12.0.16.jar!/:12.0.16]
	at org.eclipse.jetty.ee10.servlet.ServletHandler$Chain.doFilter(ServletHandler.java:1591) ~[jetty-ee10-servlet-12.0.16.jar!/:12.0.16]
	at org.springframework.web.filter.RequestContextFilter.doFilterInternal(RequestContextFilter.java:100) ~[spring-web-6.2.3.jar!/:6.2.3]
	at org.springframework.web.filter.OncePerRequestFilter.doFilter(OncePerRequestFilter.java:116) ~[spring-web-6.2.3.jar!/:6.2.3]
	at org.eclipse.jetty.ee10.servlet.FilterHolder.doFilter(FilterHolder.java:205) ~[jetty-ee10-servlet-12.0.16.jar!/:12.0.16]
	at org.eclipse.jetty.ee10.servlet.ServletHandler$Chain.doFilter(ServletHandler.java:1591) ~[jetty-ee10-servlet-12.0.16.jar!/:12.0.16]
	at org.springframework.web.filter.FormContentFilter.doFilterInternal(FormContentFilter.java:93) ~[spring-web-6.2.3.jar!/:6.2.3]
	at org.springframework.web.filter.OncePerRequestFilter.doFilter(OncePerRequestFilter.java:116) ~[spring-web-6.2.3.jar!/:6.2.3]
	at org.eclipse.jetty.ee10.servlet.FilterHolder.doFilter(FilterHolder.java:205) ~[jetty-ee10-servlet-12.0.16.jar!/:12.0.16]
	at org.eclipse.jetty.ee10.servlet.ServletHandler$Chain.doFilter(ServletHandler.java:1591) ~[jetty-ee10-servlet-12.0.16.jar!/:12.0.16]
	at org.springframework.web.filter.CharacterEncodingFilter.doFilterInternal(CharacterEncodingFilter.java:201) ~[spring-web-6.2.3.jar!/:6.2.3]
	at org.springframework.web.filter.OncePerRequestFilter.doFilter(OncePerRequestFilter.java:116) ~[spring-web-6.2.3.jar!/:6.2.3]
	at org.eclipse.jetty.ee10.servlet.FilterHolder.doFilter(FilterHolder.java:205) ~[jetty-ee10-servlet-12.0.16.jar!/:12.0.16]
	at org.eclipse.jetty.ee10.servlet.ServletHandler$Chain.doFilter(ServletHandler.java:1591) ~[jetty-ee10-servlet-12.0.16.jar!/:12.0.16]
	at org.eclipse.jetty.ee10.servlet.ServletHandler$MappedServlet.handle(ServletHandler.java:1552) ~[jetty-ee10-servlet-12.0.16.jar!/:12.0.16]
	at org.eclipse.jetty.ee10.servlet.ServletChannel.dispatch(ServletChannel.java:819) ~[jetty-ee10-servlet-12.0.16.jar!/:12.0.16]
	at org.eclipse.jetty.ee10.servlet.ServletChannel.handle(ServletChannel.java:436) ~[jetty-ee10-servlet-12.0.16.jar!/:12.0.16]
	at org.eclipse.jetty.ee10.servlet.ServletHandler.handle(ServletHandler.java:469) ~[jetty-ee10-servlet-12.0.16.jar!/:12.0.16]
	at org.eclipse.jetty.security.SecurityHandler.handle(SecurityHandler.java:575) ~[jetty-security-12.0.16.jar!/:12.0.16]
	at org.eclipse.jetty.ee10.servlet.SessionHandler.handle(SessionHandler.java:717) ~[jetty-ee10-servlet-12.0.16.jar!/:12.0.16]
	at org.eclipse.jetty.server.handler.ContextHandler.handle(ContextHandler.java:1060) ~[jetty-server-12.0.16.jar!/:12.0.16]
	at org.eclipse.jetty.server.Handler$Wrapper.handle(Handler.java:740) ~[jetty-server-12.0.16.jar!/:12.0.16]
	at org.eclipse.jetty.server.handler.EventsHandler.handle(EventsHandler.java:81) ~[jetty-server-12.0.16.jar!/:12.0.16]
	at org.eclipse.jetty.server.Server.handle(Server.java:182) ~[jetty-server-12.0.16.jar!/:12.0.16]
	at org.eclipse.jetty.server.internal.HttpChannelState$HandlerInvoker.run(HttpChannelState.java:662) ~[jetty-server-12.0.16.jar!/:12.0.16]
	at org.eclipse.jetty.util.thread.Invocable$ReadyTask.run(Invocable.java:175) ~[jetty-util-12.0.16.jar!/:12.0.16]
	at org.eclipse.jetty.http2.server.internal.HttpStreamOverHTTP2$1.run(HttpStreamOverHTTP2.java:135) ~[jetty-http2-server-12.0.16.jar!/:12.0.16]
	at org.eclipse.jetty.util.thread.QueuedThreadPool.runJob(QueuedThreadPool.java:979) ~[jetty-util-12.0.16.jar!/:12.0.16]
	at org.eclipse.jetty.util.thread.QueuedThreadPool$Runner.doRunJob(QueuedThreadPool.java:1209) ~[jetty-util-12.0.16.jar!/:12.0.16]
	at org.eclipse.jetty.util.thread.QueuedThreadPool$Runner.run(QueuedThreadPool.java:1164) ~[jetty-util-12.0.16.jar!/:12.0.16]
	at java.base/java.lang.Thread.run(Unknown Source) ~[na:na]
Caused by: java.util.NoSuchElementException: 4
	at org.eclipse.jetty.http.MutableHttpFields$Listerator.<init>(MutableHttpFields.java:507) ~[jetty-http-12.0.16.jar!/:12.0.16]
	at org.eclipse.jetty.http.MutableHttpFields.listIterator(MutableHttpFields.java:310) ~[jetty-http-12.0.16.jar!/:12.0.16]
	at org.eclipse.jetty.server.internal.ResponseHttpFields.listIterator(ResponseHttpFields.java:167) ~[jetty-server-12.0.16.jar!/:12.0.16]
	at org.eclipse.jetty.http.HttpFields$Mutable$Wrapper.put(HttpFields.java:1777) ~[jetty-http-12.0.16.jar!/:12.0.16]
	at org.eclipse.jetty.http.HttpFields$Mutable.put(HttpFields.java:1361) ~[jetty-http-12.0.16.jar!/:12.0.16]
	at org.eclipse.jetty.ee10.servlet.ServletApiResponse.setContentLengthLong(ServletApiResponse.java:352) ~[jetty-ee10-servlet-12.0.16.jar!/:12.0.16]
	at jakarta.servlet.ServletResponseWrapper.setContentLengthLong(ServletResponseWrapper.java:125) ~[jakarta.servlet-api-6.0.0.jar!/:6.0.0]
	at org.springframework.http.server.ServletServerHttpResponse.writeHeaders(ServletServerHttpResponse.java:132) ~[spring-web-6.2.3.jar!/:6.2.3]
	at org.springframework.http.server.ServletServerHttpResponse.getBody(ServletServerHttpResponse.java:97) ~[spring-web-6.2.3.jar!/:6.2.3]
	at org.springframework.http.converter.ByteArrayHttpMessageConverter.writeInternal(ByteArrayHttpMessageConverter.java:67) ~[spring-web-6.2.3.jar!/:6.2.3]
	at org.springframework.http.converter.ByteArrayHttpMessageConverter.writeInternal(ByteArrayHttpMessageConverter.java:38) ~[spring-web-6.2.3.jar!/:6.2.3]
	at org.springframework.http.converter.AbstractHttpMessageConverter.write(AbstractHttpMessageConverter.java:235) ~[spring-web-6.2.3.jar!/:6.2.3]
	at org.springframework.web.servlet.mvc.method.annotation.AbstractMessageConverterMethodProcessor.writeWithMessageConverters(AbstractMessageConverterMethodProcessor.java:344) ~[spring-webmvc-6.2.3.jar!/:6.2.3]
	at org.springframework.web.servlet.mvc.method.annotation.HttpEntityMethodProcessor.handleReturnValue(HttpEntityMethodProcessor.java:263) ~[spring-webmvc-6.2.3.jar!/:6.2.3]
	at org.springframework.web.method.support.HandlerMethodReturnValueHandlerComposite.handleReturnValue(HandlerMethodReturnValueHandlerComposite.java:78) ~[spring-web-6.2.3.jar!/:6.2.3]
	at org.springframework.web.servlet.mvc.method.annotation.ServletInvocableHandlerMethod.invokeAndHandle(ServletInvocableHandlerMethod.java:136) ~[spring-webmvc-6.2.3.jar!/:6.2.3]
	at org.springframework.web.servlet.mvc.method.annotation.RequestMappingHandlerAdapter.invokeHandlerMethod(RequestMappingHandlerAdapter.java:986) ~[spring-webmvc-6.2.3.jar!/:6.2.3]
	at org.springframework.web.servlet.mvc.method.annotation.RequestMappingHandlerAdapter.handleInternal(RequestMappingHandlerAdapter.java:891) ~[spring-webmvc-6.2.3.jar!/:6.2.3]
	at org.springframework.web.servlet.mvc.method.AbstractHandlerMethodAdapter.handle(AbstractHandlerMethodAdapter.java:87) ~[spring-webmvc-6.2.3.jar!/:6.2.3]
	at org.springframework.web.servlet.DispatcherServlet.doDispatch(DispatcherServlet.java:1088) ~[spring-webmvc-6.2.3.jar!/:6.2.3]
	at org.springframework.web.servlet.DispatcherServlet.doService(DispatcherServlet.java:978) ~[spring-webmvc-6.2.3.jar!/:6.2.3]
	at org.springframework.web.servlet.FrameworkServlet.processRequest(FrameworkServlet.java:1014) ~[spring-webmvc-6.2.3.jar!/:6.2.3]
	... 41 common frames omitted

